wangcai_Android/wangcai/proguard-project.txt

# To enable ProGuard in your project, edit project.properties

# to define the proguard.config property as described in that file.
#
# Add project specific ProGuard rules here.
# By default, the flags in this file are appended to flags specified
# in ${sdk.dir}/tools/proguard/proguard-android.txt
# You can edit the include path and order by changing the ProGuard
# include property in project.properties.
#
# For more details, see
#   http://developer.android.com/guide/developing/tools/proguard.html

# Add any project specific keep options here:

# If your project uses WebView with JS, uncomment the following
# and specify the fully qualified class name to the JavaScript interface
# class:
#-keepclassmembers class fqcn.of.javascript.interface.for.webview {
#   public *;
#}
#\



#鏈夌背(DOC)
-dontwarn net.youmi.android.**
-keep class net.youmi.android.** {*;}


#瑙︽帶
-dontwarn com.punchbox.**
-libraryjars libs/Cocounion_AD_SDK_Android_v4.2.2.jar
-keep class com.punchbox.** {*;}


#shareSdk(DOC)
-keep class cn.sharesdk.**{*;}
-keep class com.sina.**{*;}
-keep class m.framework.**{*;}



#jpush(DOC)
-dontwarn cn.jpush.**
-keep class cn.jpush.** { *; }

#万普
-keep public class cn.waps.** {*;} 
-keep public interface cn.waps.** {*;}
#对于使用4.0.3以上android-sdk进行项目编译时产生异常的情况时,加入以下内容：
#-dontwarn cn.waps.**


#米迪
-keep public class net.miidiwall.** {*;} 
-keep public interface net.miidiwall.** {*;}


#安沃

-keep class com.zkmm.** {*;} 
-keep interface com.zkmm.** {*;}

-keep class com.zkmm.appoffer.** {*;} 
-keep interface com.zkmm.appoffer.** {*;}
-dontwarn com.zkmm.appoffer.**


#磨盘
-keep class cklkom.imopan.mpwall.** {*;}


-dontwarn com.handmark.pulltorefresh.**
-keep class com.handmark.pulltorefresh.** { *; }