wangcai_Android/wangcai/proguard/seeds.txt
com.coolstore.wangcai.R$anim: int abc_fade_in
com.coolstore.wangcai.R$anim: int abc_fade_out
com.coolstore.wangcai.R$anim: int abc_slide_in_bottom
com.coolstore.wangcai.R$anim: int abc_slide_in_top
com.coolstore.wangcai.R$anim: int abc_slide_out_bottom
com.coolstore.wangcai.R$anim: int abc_slide_out_top
com.coolstore.wangcai.R$anim: int ani_dog
com.coolstore.wangcai.R$anim: int ani_loading
com.coolstore.wangcai.R$anim: int slide_in_from_bottom
com.coolstore.wangcai.R$anim: int slide_in_from_top
com.coolstore.wangcai.R$anim: int slide_out_to_bottom
com.coolstore.wangcai.R$anim: int slide_out_to_top
com.coolstore.wangcai.R$attr: int actionBarDivider
com.coolstore.wangcai.R$attr: int actionBarItemBackground
com.coolstore.wangcai.R$attr: int actionBarSize
com.coolstore.wangcai.R$attr: int actionBarSplitStyle
com.coolstore.wangcai.R$attr: int actionBarStyle
com.coolstore.wangcai.R$attr: int actionBarTabBarStyle
com.coolstore.wangcai.R$attr: int actionBarTabStyle
com.coolstore.wangcai.R$attr: int actionBarTabTextStyle
com.coolstore.wangcai.R$attr: int actionBarWidgetTheme
com.coolstore.wangcai.R$attr: int actionButtonStyle
com.coolstore.wangcai.R$attr: int actionDropDownStyle
com.coolstore.wangcai.R$attr: int actionLayout
com.coolstore.wangcai.R$attr: int actionMenuTextAppearance
com.coolstore.wangcai.R$attr: int actionMenuTextColor
com.coolstore.wangcai.R$attr: int actionModeBackground
com.coolstore.wangcai.R$attr: int actionModeCloseButtonStyle
com.coolstore.wangcai.R$attr: int actionModeCloseDrawable
com.coolstore.wangcai.R$attr: int actionModeCopyDrawable
com.coolstore.wangcai.R$attr: int actionModeCutDrawable
com.coolstore.wangcai.R$attr: int actionModeFindDrawable
com.coolstore.wangcai.R$attr: int actionModePasteDrawable
com.coolstore.wangcai.R$attr: int actionModePopupWindowStyle
com.coolstore.wangcai.R$attr: int actionModeSelectAllDrawable
com.coolstore.wangcai.R$attr: int actionModeShareDrawable
com.coolstore.wangcai.R$attr: int actionModeSplitBackground
com.coolstore.wangcai.R$attr: int actionModeStyle
com.coolstore.wangcai.R$bool: int abc_action_bar_embed_tabs_pre_jb
com.coolstore.wangcai.R$bool: int abc_action_bar_expanded_action_views_exclusive
com.coolstore.wangcai.R$bool: int abc_config_actionMenuItemAllCaps
com.coolstore.wangcai.R$bool: int abc_config_allowActionMenuItemTextWithIcon
com.coolstore.wangcai.R$bool: int abc_config_showMenuShortcutsWhenKeyboardPresent
com.coolstore.wangcai.R$bool: int abc_split_action_bar_is_narrow
com.coolstore.wangcai.R$color: int abc_search_url_text_holo
com.coolstore.wangcai.R$color: int abc_search_url_text_normal
com.coolstore.wangcai.R$color: int abc_search_url_text_pressed
com.coolstore.wangcai.R$color: int abc_search_url_text_selected
com.coolstore.wangcai.R$color: int backgroud_color
com.coolstore.wangcai.R$color: int default_text_color
com.coolstore.wangcai.R$color: int gray_text_color
com.coolstore.wangcai.R$color: int header_line_bkg_color
com.coolstore.wangcai.R$color: int main_split_line_color
com.coolstore.wangcai.R$color: int pop_win_bkg_color
com.coolstore.wangcai.R$color: int split_line_color
...
com.google.zxing.EncodeHintType: com.google.zxing.EncodeHintType[] values()
com.google.zxing.EncodeHintType: com.google.zxing.EncodeHintType valueOf(java.lang.String)
com.google.zxing.ResultMetadataType: com.google.zxing.ResultMetadataType[] values()
com.google.zxing.ResultMetadataType: com.google.zxing.ResultMetadataType valueOf(java.lang.String)
com.google.zxing.aztec.decoder.Decoder$Table: com.google.zxing.aztec.decoder.Decoder$Table[] values()
com.google.zxing.aztec.decoder.Decoder$Table: com.google.zxing.aztec.decoder.Decoder$Table valueOf(java.lang.String)
com.google.zxing.client.result.ParsedResultType: com.google.zxing.client.result.ParsedResultType[] values()
com.google.zxing.client.result.ParsedResultType: com.google.zxing.client.result.ParsedResultType valueOf(java.lang.String)
com.google.zxing.common.CharacterSetECI: com.google.zxing.common.CharacterSetECI[] values()
com.google.zxing.common.CharacterSetECI: com.google.zxing.common.CharacterSetECI valueOf(java.lang.String)
com.google.zxing.datamatrix.decoder.DecodedBitStreamParser$Mode: com.google.zxing.datamatrix.decoder.DecodedBitStreamParser$Mode[] values()
com.google.zxing.datamatrix.decoder.DecodedBitStreamParser$Mode: com.google.zxing.datamatrix.decoder.DecodedBitStreamParser$Mode valueOf(java.lang.String)
com.google.zxing.datamatrix.encoder.SymbolShapeHint: com.google.zxing.datamatrix.encoder.SymbolShapeHint[] values()
com.google.zxing.datamatrix.encoder.SymbolShapeHint: com.google.zxing.datamatrix.encoder.SymbolShapeHint valueOf(java.lang.String)
com.google.zxing.oned.rss.expanded.decoders.CurrentParsingState$State: com.google.zxing.oned.rss.expanded.decoders.CurrentParsingState$State[] values()
com.google.zxing.oned.rss.expanded.decoders.CurrentParsingState$State: com.google.zxing.oned.rss.expanded.decoders.CurrentParsingState$State valueOf(java.lang.String)
com.google.zxing.pdf417.decoder.DecodedBitStreamParser$Mode: com.google.zxing.pdf417.decoder.DecodedBitStreamParser$Mode[] values()
com.google.zxing.pdf417.decoder.DecodedBitStreamParser$Mode: com.google.zxing.pdf417.decoder.DecodedBitStreamParser$Mode valueOf(java.lang.String)
com.google.zxing.pdf417.encoder.Compaction: com.google.zxing.pdf417.encoder.Compaction[] values()
com.google.zxing.pdf417.encoder.Compaction: com.google.zxing.pdf417.encoder.Compaction valueOf(java.lang.String)
com.google.zxing.qrcode.decoder.ErrorCorrectionLevel: com.google.zxing.qrcode.decoder.ErrorCorrectionLevel[] values()
com.google.zxing.qrcode.decoder.ErrorCorrectionLevel: com.google.zxing.qrcode.decoder.ErrorCorrectionLevel valueOf(java.lang.String)
com.google.zxing.qrcode.decoder.Mode: com.google.zxing.qrcode.decoder.Mode[] values()
com.google.zxing.qrcode.decoder.Mode: com.google.zxing.qrcode.decoder.Mode valueOf(java.lang.String)
com.handmark.pulltorefresh.library.ILoadingLayout
com.handmark.pulltorefresh.library.ILoadingLayout: void setLastUpdatedLabel(java.lang.CharSequence)
com.handmark.pulltorefresh.library.ILoadingLayout: void setLoadingDrawable(android.graphics.drawable.Drawable)
com.handmark.pulltorefresh.library.ILoadingLayout: void setPullLabel(java.lang.CharSequence)
com.handmark.pulltorefresh.library.ILoadingLayout: void setRefreshingLabel(java.lang.CharSequence)
com.handmark.pulltorefresh.library.ILoadingLayout: void setReleaseLabel(java.lang.CharSequence)
com.handmark.pulltorefresh.library.ILoadingLayout: void setTextTypeface(android.graphics.Typeface)