wangcai_Android/wangcai/proguard/mapping.txt
com.coolstore.wangcai.ConfigCenter -> com.coolstore.wangcai.a:
    com.coolstore.wangcai.ConfigCenter sg_Object -> a
    android.content.SharedPreferences m_sharedPreference -> b
    java.util.ArrayList m_listEventListener -> c
    com.coolstore.wangcai.ConfigCenter GetInstance() -> a
    void Initialize(android.content.Context) -> a
    java.lang.String GetCurrentDateString() -> h
    void SetHasSignInToday() -> b
    boolean HasSignInToday() -> c
    boolean HasClickMenu() -> d
    void SetHasClickMenu(boolean) -> a
    boolean ShouldReceivePush() -> e
    void SetShouldReceivePush(boolean) -> b
    boolean ShouldPlaySound() -> f
    void SetShouldPlaySound(boolean) -> c
    java.lang.String GetCachePath() -> g
com.coolstore.wangcai.R -> com.coolstore.wangcai.b:
com.coolstore.wangcai.R$styleable -> com.coolstore.wangcai.c:
    int[] ActionBar -> ActionBar
    int ActionBar_background -> ActionBar_background
    int ActionBar_backgroundSplit -> ActionBar_backgroundSplit
    int ActionBar_backgroundStacked -> ActionBar_backgroundStacked
    int ActionBar_customNavigationLayout -> ActionBar_customNavigationLayout
    int ActionBar_displayOptions -> ActionBar_displayOptions
    int ActionBar_divider -> ActionBar_divider
    int ActionBar_height -> ActionBar_height
    int ActionBar_homeLayout -> ActionBar_homeLayout
    int ActionBar_icon -> ActionBar_icon
    int ActionBar_indeterminateProgressStyle -> ActionBar_indeterminateProgressStyle
    int ActionBar_itemPadding -> ActionBar_itemPadding
    int ActionBar_logo -> ActionBar_logo
    int ActionBar_navigationMode -> ActionBar_navigationMode
    int ActionBar_progressBarPadding -> ActionBar_progressBarPadding
    int ActionBar_progressBarStyle -> ActionBar_progressBarStyle
    int ActionBar_subtitle -> ActionBar_subtitle
    int ActionBar_subtitleTextStyle -> ActionBar_subtitleTextStyle
    int ActionBar_title -> ActionBar_title
    int ActionBar_titleTextStyle -> ActionBar_titleTextStyle
    int[] ActionBarLayout -> ActionBarLayout
    int ActionBarLayout_android_layout_gravity -> ActionBarLayout_android_layout_gravity
    int[] ActionBarWindow -> ActionBarWindow
    int ActionBarWindow_windowActionBar -> ActionBarWindow_windowActionBar
com.coolstore.wangcai.WangcaiApp -> com.coolstore.wangcai.d:
    com.coolstore.wangcai.WangcaiApp m_sWangcaiApp -> a
    com.coolstore.request.ExchangeListInfo m_exchangeListInfo -> b
    int m_nPendingPurseTip -> c
    com.coolstore.request.UserInfo m_userInfo -> d
    com.coolstore.request.TaskListInfo m_taskListInfo -> e
    com.coolstore.request.ExtractInfo m_extractInfo -> f
    int m_nGetIconSoundId -> g
    java.lang.String m_strHintMsg -> h
    java.lang.String m_strPhoneId -> i
    boolean m_bNeedForceUpdate -> j
    boolean m_bHasLogin -> k
    java.util.ArrayList m_listTaskInfos -> l
    com.coolstore.request.AppWallConfig m_appWallConfig -> m
    int m_nPollElapse -> n
    android.content.Context m_AppContext -> o
    boolean m_bForceGround -> p
    int m_nPollTimerId -> q
    java.util.ArrayList m_listSurveyInfo -> r
    android.media.SoundPool m_soundPool -> s
    java.util.ArrayList m_listEventLinsteners -> t
    int m_nSurveyListVersion -> u
    int m_nExchangeListVersion -> v
    boolean m_bSoundLoad -> w
    com.coolstore.wangcai.WangcaiApp GetInstance() -> a
    void Initialize(android.content.Context) -> a
    void Init3rdSdk() -> b
    boolean NeedForceUpdate() -> c
    void ChangeBalance(int) -> a
    void RequestExchangeListInfo() -> d
    com.coolstore.request.ExchangeListInfo GetExchangeListInfo() -> e
    void OnRequestComplete(int,com.coolstore.request.Requester) -> a
    int GetPendingPurse() -> f
com.coolstore.wangcai.WangcaiApp$1 -> com.coolstore.wangcai.e:
    com.coolstore.wangcai.WangcaiApp this$0 -> a
    void onLoadComplete(android.media.SoundPool,int,int) -> onLoadComplete
...
cn.sharesdk.yixin.utils.YXMessage$a -> cn.sharesdk.yixin.utils.YXMessage$a:
    android.os.Bundle a(cn.sharesdk.yixin.utils.YXMessage) -> a
    cn.sharesdk.yixin.utils.YXMessage a(android.os.Bundle) -> a
    java.lang.String a(java.lang.String,int,boolean) -> a
cn.sharesdk.yixin.utils.YXMusicMessageData -> cn.sharesdk.yixin.utils.YXMusicMessageData:
    java.lang.String musicUrl -> musicUrl
    java.lang.String musicLowBandUrl -> musicLowBandUrl
    java.lang.String musicDataUrl -> musicDataUrl
    java.lang.String musicLowBandDataUrl -> musicLowBandDataUrl
    boolean verifyData() -> verifyData
    void read(android.os.Bundle) -> read
    void write(android.os.Bundle) -> write
    cn.sharesdk.yixin.utils.YXMessage$MessageType dataType() -> dataType
cn.sharesdk.yixin.utils.YXTextMessageData -> cn.sharesdk.yixin.utils.YXTextMessageData:
    java.lang.String text -> text
    boolean verifyData() -> verifyData
    void read(android.os.Bundle) -> read
    void write(android.os.Bundle) -> write
    cn.sharesdk.yixin.utils.YXMessage$MessageType dataType() -> dataType
cn.sharesdk.yixin.utils.YXVideoMessageData -> cn.sharesdk.yixin.utils.YXVideoMessageData:
    java.lang.String videoUrl -> videoUrl
    java.lang.String videoLowBandUrl -> videoLowBandUrl
    boolean verifyData() -> verifyData
    void read(android.os.Bundle) -> read
    void write(android.os.Bundle) -> write
    cn.sharesdk.yixin.utils.YXMessage$MessageType dataType() -> dataType
cn.sharesdk.yixin.utils.YXWebPageMessageData -> cn.sharesdk.yixin.utils.YXWebPageMessageData:
    java.lang.String webPageUrl -> webPageUrl
    boolean verifyData() -> verifyData
    void read(android.os.Bundle) -> read
    void write(android.os.Bundle) -> write
    cn.sharesdk.yixin.utils.YXMessage$MessageType dataType() -> dataType
cn.sharesdk.yixin.utils.YixinClientNotExistException -> cn.sharesdk.yixin.utils.YixinClientNotExistException:
    long serialVersionUID -> serialVersionUID
cn.sharesdk.yixin.utils.YixinHandlerActivity -> cn.sharesdk.yixin.utils.YixinHandlerActivity:
    void onCreate(android.os.Bundle) -> onCreate
    void onNewIntent(android.content.Intent) -> onNewIntent
    void onReceiveMessageFromYX(cn.sharesdk.yixin.utils.YXMessage) -> onReceiveMessageFromYX
cn.sharesdk.yixin.utils.YixinImpl -> cn.sharesdk.yixin.utils.YixinImpl:
    boolean a -> a
    cn.sharesdk.yixin.utils.YixinImpl b -> b
    cn.sharesdk.yixin.utils.c c -> c
    cn.sharesdk.yixin.utils.d d -> d
    cn.sharesdk.yixin.utils.YixinImpl a() -> a
    boolean a(android.content.Context,java.lang.String) -> a
    boolean b() -> b
    void a(cn.sharesdk.yixin.utils.d,cn.sharesdk.framework.Platform$ShareParams) -> a
    void a(cn.sharesdk.yixin.utils.d) -> a
    void a(java.lang.String,java.lang.String,int,cn.sharesdk.yixin.utils.d) -> a
    void a(java.lang.String,java.lang.String,android.graphics.Bitmap,int,cn.sharesdk.yixin.utils.d) -> a
    void a(java.lang.String,java.lang.String,java.lang.String,int,cn.sharesdk.yixin.utils.d) -> a
    void a(java.lang.String,java.lang.String,java.lang.String,java.lang.String,android.graphics.Bitmap,int,cn.sharesdk.yixin.utils.d) -> a
    void a(java.lang.String,java.lang.String,java.lang.String,java.lang.String,java.lang.String,int,cn.sharesdk.yixin.utils.d) -> a
    void a(java.lang.String,java.lang.String,java.lang.String,android.graphics.Bitmap,int,cn.sharesdk.yixin.utils.d) -> a
    void a(java.lang.String,java.lang.String,java.lang.String,java.lang.String,int,cn.sharesdk.yixin.utils.d) -> a
    void b(java.lang.String,java.lang.String,java.lang.String,android.graphics.Bitmap,int,cn.sharesdk.yixin.utils.d) -> b