wangcai_Android/wangcai/proguard/usage.txt
com.coolstore.wangcai.BuildConfig
com.coolstore.wangcai.ConfigCenter:
    private static final java.lang.String sg_strConfigName
    private static final java.lang.String sg_strLastSignInDate
    private static final java.lang.String sg_strHasClickMenu
    private static final java.lang.String sg_strShouldReceiveMsg
    private static final java.lang.String sg_strShouldPlaySound
    83:83:public void SetLastBalance(int)
    85:85:public int GetLastBalance()
com.coolstore.wangcai.ConfigCenter$ConfigCenterEvent
com.coolstore.wangcai.Manifest
com.coolstore.wangcai.Manifest$permission
com.coolstore.wangcai.R:
    10:10:public R()
com.coolstore.wangcai.R$anim
com.coolstore.wangcai.R$attr
com.coolstore.wangcai.R$bool
com.coolstore.wangcai.R$color
com.coolstore.wangcai.R$dimen
com.coolstore.wangcai.R$drawable
com.coolstore.wangcai.R$id
com.coolstore.wangcai.R$integer
com.coolstore.wangcai.R$layout
com.coolstore.wangcai.R$menu
com.coolstore.wangcai.R$raw
com.coolstore.wangcai.R$string
com.coolstore.wangcai.R$style
com.coolstore.wangcai.R$styleable:
    2642:2642:public R$styleable()
com.coolstore.wangcai.WangcaiApp:
    118:118:public int GetTaskCount()
    121:124:com.coolstore.wangcai.WangcaiApp$TaskInfo GetTaskInfo(int)
    128:128:public boolean HasLogin()
    359:363:public java.lang.String GetPhoneId()
    390:390:public int GetPollElapse()
com.coolstore.wangcai.WangcaiApp$TaskInfo
com.coolstore.wangcai.WangcaiApp$WangcaiAppEvent:
    public abstract void OnLevelUpgrate(int)
com.coolstore.wangcai.activity.ExtractListActivity:
    private static final java.lang.String sg_strPhoneBill
    private static final java.lang.String sg_strAliPay
    private static final java.lang.String sg_strQbi
com.coolstore.wangcai.activity.LotteryActivity:
    static final int sg_nBaseTimerElapse
    static final int sg_nSlowdownItems
    static final int sg_nSlowSpeed
    static final int sg_nFlashTimerElapse
    static final int sg_nTotalFlashTimes
    static final int sg_nUpdateMsg
    static final int sg_nMinLoops
    static final int sg_nMaxLoops
    private static final int BounsType_None
    private static final int BounsType_10
    private static final int BounsType_50
    private static final int BounsType_300
    private static final int BounsType_800
com.coolstore.wangcai.activity.MainActivity:
    private static final int sg_nUpdateBalanceElapse
    private static final int sg_nMaxAnimationTime
    private static final int sg_ItemIdBase
    private static final int sg_MyWangcai
    private static final int sg_CashExtract
    private static final int sg_TaskDetail
    private static final int sg_ExchageGift
    private static final int sg_Invite
    private static final int sg_Options
    private static final int sg_Help
    public static final java.lang.String sg_nIntentType
    public static final int sg_nIntentType_NewPurseNotification
com.coolstore.wangcai.activity.MidiWall
com.coolstore.wangcai.activity.MyWangcaiActivity:
    private static final int ms_nRunAnimationTaskId
com.coolstore.wangcai.activity.RegisterActivity:
    private static final int sg_nTimerElapse
    private static final int sg_nTotalCountDownSeconds
    private static final int sg_nNewSms
com.coolstore.wangcai.base.ActivityHelper:
    public static final java.lang.String sg_strBindDeviceCount
    public static final java.lang.String sg_strAge
    public static final java.lang.String sg_strSex
    public static final java.lang.String sg_strUrl
    public static final java.lang.String sg_strTitle
    public static final java.lang.String sg_strInterest
    public static final java.lang.String sg_strOrderId
    public static final java.lang.String sg_strTaskId
    37:37:public ActivityHelper()
    96:96:public static void ShowShareActivity(android.app.Activity)
    104:104:public static void ShowCommentActivity(android.app.Activity)
...
android.support.v4.widget.ContentLoadingProgressBar$1
android.support.v4.widget.ContentLoadingProgressBar$2
android.support.v4.widget.CursorAdapter:
    public static final int FLAG_AUTO_REQUERY
    public static final int FLAG_REGISTER_CONTENT_OBSERVER
    121:123:public CursorAdapter(android.content.Context,android.database.Cursor)
    150:152:public CursorAdapter(android.content.Context,android.database.Cursor,int)
    160:161:protected void init(android.content.Context,android.database.Cursor,boolean)
    420:420:public android.widget.FilterQueryProvider getFilterQueryProvider()
    436:437:public void setFilterQueryProvider(android.widget.FilterQueryProvider)
android.support.v4.widget.DrawerLayout:
    private static final java.lang.String TAG
    public static final int STATE_IDLE
    public static final int STATE_DRAGGING
    public static final int STATE_SETTLING
    public static final int LOCK_MODE_UNLOCKED
    public static final int LOCK_MODE_LOCKED_CLOSED
    public static final int LOCK_MODE_LOCKED_OPEN
    private static final int MIN_DRAWER_MARGIN
    private static final int DEFAULT_SCRIM_COLOR
    private static final int PEEK_DELAY
    private static final int MIN_FLING_VELOCITY
    private static final boolean ALLOW_EDGE_LOCK
    private static final boolean CHILDREN_DISALLOW_INTERCEPT
    private static final float TOUCH_SLOP_SENSITIVITY
    private java.lang.CharSequence mTitleLeft
    private java.lang.CharSequence mTitleRight
    222:223:public DrawerLayout(android.content.Context)
    226:227:public DrawerLayout(android.content.Context,android.util.AttributeSet)
    230:254:public DrawerLayout(android.content.Context,android.util.AttributeSet,int)
    270:280:public void setDrawerShadow(android.graphics.drawable.Drawable,int)
    290:291:public void setDrawerShadow(int,int)
    399:405:public void setDrawerLockMode(int,android.view.View)
    415:422:public int getDrawerLockMode(int)
    453:460:public void setDrawerTitle(int,java.lang.CharSequence)
    471:478:public java.lang.CharSequence getDrawerTitle(int)
    593:602:void moveDrawerToOffset(android.view.View,float)
android.support.v4.widget.DrawerLayout$AccessibilityDelegate
android.support.v4.widget.DrawerLayout$LayoutParams:
    1562:1564:public DrawerLayout$LayoutParams(int,int,int)
android.support.v4.widget.DrawerLayout$SimpleDrawerListener
android.support.v4.widget.DrawerLayout$ViewDragCallback:
    1386:1388:public DrawerLayout$ViewDragCallback(android.support.v4.widget.DrawerLayout,int)
    1391:1392:public void setDragger(android.support.v4.widget.ViewDragHelper)
    1471:1493:private void peekDrawer()
    1376:1376:static synthetic void access$000(android.support.v4.widget.DrawerLayout$ViewDragCallback)
android.support.v4.widget.DrawerLayout$ViewDragCallback$1
android.support.v4.widget.EdgeEffectCompat:
    204:204:public boolean onAbsorb(int)
android.support.v4.widget.EdgeEffectCompat$BaseEdgeEffectImpl:
    82:82:public boolean onAbsorb(java.lang.Object,int)
android.support.v4.widget.EdgeEffectCompat$EdgeEffectIcsImpl:
    116:116:public boolean onAbsorb(java.lang.Object,int)
android.support.v4.widget.EdgeEffectCompat$EdgeEffectImpl:
    public abstract boolean onAbsorb(java.lang.Object,int)
android.support.v4.widget.EdgeEffectCompatIcs:
    28:28:EdgeEffectCompatIcs()
    57:58:public static boolean onAbsorb(java.lang.Object,int)
android.support.v4.widget.ExploreByTouchHelper
android.support.v4.widget.ExploreByTouchHelper$1
android.support.v4.widget.ExploreByTouchHelper$ExploreByTouchNodeProvider
android.support.v4.widget.ListPopupWindowCompat
android.support.v4.widget.ListPopupWindowCompat$BaseListPopupWindowImpl
android.support.v4.widget.ListPopupWindowCompat$KitKatListPopupWindowImpl
android.support.v4.widget.ListPopupWindowCompat$ListPopupWindowImpl
android.support.v4.widget.ListPopupWindowCompatKitKat
android.support.v4.widget.ListViewAutoScrollHelper